c:\users\cocoa\source\repos\analysislibrary\analysis&io\debug\analysislibrary.lib
c:\users\cocoa\source\repos\analysislibrary\analysis&io\debug\analysislibrary.exp
c:\users\cocoa\source\repos\analysislibrary\analysis&io\analysis\debug\analysislibrary.pch
c:\users\cocoa\source\repos\analysislibrary\analysis&io\analysis\debug\vc141.pdb
c:\users\cocoa\source\repos\analysislibrary\analysis&io\analysis\debug\vc141.idb
c:\users\cocoa\source\repos\analysislibrary\analysis&io\analysis\debug\stdafx.obj
c:\users\cocoa\source\repos\analysislibrary\analysis&io\analysis\debug\waveform.obj
c:\users\cocoa\source\repos\analysislibrary\analysis&io\analysis\debug\event.obj
c:\users\cocoa\source\repos\analysislibrary\analysis&io\analysis\debug\dllmain.obj
c:\users\cocoa\source\repos\analysislibrary\analysis&io\analysis\debug\esp.obj
c:\users\cocoa\source\repos\analysislibrary\analysis&io\analysis\debug\calculate.obj
c:\users\cocoa\source\repos\analysislibrary\analysis&io\debug\analysislibrary.ilk
c:\users\cocoa\source\repos\analysislibrary\analysis&io\debug\analysislibrary.dll
c:\users\cocoa\source\repos\analysislibrary\analysis&io\debug\analysislibrary.pdb
c:\users\cocoa\source\repos\analysislibrary\analysis&io\analysis\debug\analysislibrary.tlog\analysislibrary.write.1u.tlog
c:\users\cocoa\source\repos\analysislibrary\analysis&io\analysis\debug\analysislibrary.tlog\cl.command.1.tlog
c:\users\cocoa\source\repos\analysislibrary\analysis&io\analysis\debug\analysislibrary.tlog\cl.read.1.tlog
c:\users\cocoa\source\repos\analysislibrary\analysis&io\analysis\debug\analysislibrary.tlog\cl.write.1.tlog
c:\users\cocoa\source\repos\analysislibrary\analysis&io\analysis\debug\analysislibrary.tlog\link.command.1.tlog
c:\users\cocoa\source\repos\analysislibrary\analysis&io\analysis\debug\analysislibrary.tlog\link.read.1.tlog
c:\users\cocoa\source\repos\analysislibrary\analysis&io\analysis\debug\analysislibrary.tlog\link.write.1.tlog
