  stdafx.cpp
  dllmain.cpp
  RawClass.cpp
c:\users\cocoa\source\repos\analysislibrary\analysis&io\io\iolibrary.h(65): warning C4251: “IOLib::Structedfile::filepath”: class“std::basic_string<char,std::char_traits<char>,std::allocator<char>>”需要有 dll 接口由 class“IOLib::Structedfile”的客户端使用
  c:\program files (x86)\microsoft visual studio\2017\community\vc\tools\msvc\14.16.27023\include\xstring(4373): note: 参见“std::basic_string<char,std::char_traits<char>,std::allocator<char>>”的声明
c:\users\cocoa\source\repos\analysislibrary\analysis&io\io\iolibrary.h(66): warning C4251: “IOLib::Structedfile::filename”: class“std::basic_string<char,std::char_traits<char>,std::allocator<char>>”需要有 dll 接口由 class“IOLib::Structedfile”的客户端使用
  c:\program files (x86)\microsoft visual studio\2017\community\vc\tools\msvc\14.16.27023\include\xstring(4373): note: 参见“std::basic_string<char,std::char_traits<char>,std::allocator<char>>”的声明
c:\users\cocoa\source\repos\analysislibrary\analysis&io\io\iolibrary.h(96): warning C4251: “IOLib::Rawdatafile::filepath”: class“std::basic_string<char,std::char_traits<char>,std::allocator<char>>”需要有 dll 接口由 class“IOLib::Rawdatafile”的客户端使用
  c:\program files (x86)\microsoft visual studio\2017\community\vc\tools\msvc\14.16.27023\include\xstring(4373): note: 参见“std::basic_string<char,std::char_traits<char>,std::allocator<char>>”的声明
c:\users\cocoa\source\repos\analysislibrary\analysis&io\io\iolibrary.h(97): warning C4251: “IOLib::Rawdatafile::filename”: class“std::basic_string<char,std::char_traits<char>,std::allocator<char>>”需要有 dll 接口由 class“IOLib::Rawdatafile”的客户端使用
  c:\program files (x86)\microsoft visual studio\2017\community\vc\tools\msvc\14.16.27023\include\xstring(4373): note: 参见“std::basic_string<char,std::char_traits<char>,std::allocator<char>>”的声明
c:\users\cocoa\source\repos\analysislibrary\analysis&io\io\rawclass.cpp(5): warning C4273: “IOLib::WaveFormRaw::WaveFormRaw”: dll 链接不一致
  c:\users\cocoa\source\repos\analysislibrary\analysis&io\io\iolibrary.h(46): note: 参见“{ctor}”的前一个定义
c:\users\cocoa\source\repos\analysislibrary\analysis&io\io\rawclass.cpp(10): warning C4273: “IOLib::WaveFormRaw::WaveFormRaw”: dll 链接不一致
  c:\users\cocoa\source\repos\analysislibrary\analysis&io\io\iolibrary.h(47): note: 参见“{ctor}”的前一个定义
c:\users\cocoa\source\repos\analysislibrary\analysis&io\io\rawclass.cpp(25): warning C4273: “IOLib::WaveFormRaw::operator =”: dll 链接不一致
  c:\users\cocoa\source\repos\analysislibrary\analysis&io\io\iolibrary.h(48): note: 参见“=”的前一个定义
c:\users\cocoa\source\repos\analysislibrary\analysis&io\io\rawclass.cpp(41): warning C4273: “IOLib::WaveFormRaw::~WaveFormRaw”: dll 链接不一致
  c:\users\cocoa\source\repos\analysislibrary\analysis&io\io\iolibrary.h(49): note: 参见“{dtor}”的前一个定义
  RawFileIO.cpp
c:\users\cocoa\source\repos\analysislibrary\analysis&io\io\iolibrary.h(65): warning C4251: “IOLib::Structedfile::filepath”: class“std::basic_string<char,std::char_traits<char>,std::allocator<char>>”需要有 dll 接口由 class“IOLib::Structedfile”的客户端使用
  c:\program files (x86)\microsoft visual studio\2017\community\vc\tools\msvc\14.16.27023\include\xstring(4373): note: 参见“std::basic_string<char,std::char_traits<char>,std::allocator<char>>”的声明
c:\users\cocoa\source\repos\analysislibrary\analysis&io\io\iolibrary.h(66): warning C4251: “IOLib::Structedfile::filename”: class“std::basic_string<char,std::char_traits<char>,std::allocator<char>>”需要有 dll 接口由 class“IOLib::Structedfile”的客户端使用
  c:\program files (x86)\microsoft visual studio\2017\community\vc\tools\msvc\14.16.27023\include\xstring(4373): note: 参见“std::basic_string<char,std::char_traits<char>,std::allocator<char>>”的声明
c:\users\cocoa\source\repos\analysislibrary\analysis&io\io\iolibrary.h(96): warning C4251: “IOLib::Rawdatafile::filepath”: class“std::basic_string<char,std::char_traits<char>,std::allocator<char>>”需要有 dll 接口由 class“IOLib::Rawdatafile”的客户端使用
  c:\program files (x86)\microsoft visual studio\2017\community\vc\tools\msvc\14.16.27023\include\xstring(4373): note: 参见“std::basic_string<char,std::char_traits<char>,std::allocator<char>>”的声明
c:\users\cocoa\source\repos\analysislibrary\analysis&io\io\iolibrary.h(97): warning C4251: “IOLib::Rawdatafile::filename”: class“std::basic_string<char,std::char_traits<char>,std::allocator<char>>”需要有 dll 接口由 class“IOLib::Rawdatafile”的客户端使用
  c:\program files (x86)\microsoft visual studio\2017\community\vc\tools\msvc\14.16.27023\include\xstring(4373): note: 参见“std::basic_string<char,std::char_traits<char>,std::allocator<char>>”的声明
  StructedFileIO.cpp
c:\users\cocoa\source\repos\analysislibrary\analysis&io\io\iolibrary.h(65): warning C4251: “IOLib::Structedfile::filepath”: class“std::basic_string<char,std::char_traits<char>,std::allocator<char>>”需要有 dll 接口由 class“IOLib::Structedfile”的客户端使用
  c:\program files (x86)\microsoft visual studio\2017\community\vc\tools\msvc\14.16.27023\include\xstring(4373): note: 参见“std::basic_string<char,std::char_traits<char>,std::allocator<char>>”的声明
c:\users\cocoa\source\repos\analysislibrary\analysis&io\io\iolibrary.h(66): warning C4251: “IOLib::Structedfile::filename”: class“std::basic_string<char,std::char_traits<char>,std::allocator<char>>”需要有 dll 接口由 class“IOLib::Structedfile”的客户端使用
  c:\program files (x86)\microsoft visual studio\2017\community\vc\tools\msvc\14.16.27023\include\xstring(4373): note: 参见“std::basic_string<char,std::char_traits<char>,std::allocator<char>>”的声明
c:\users\cocoa\source\repos\analysislibrary\analysis&io\io\iolibrary.h(96): warning C4251: “IOLib::Rawdatafile::filepath”: class“std::basic_string<char,std::char_traits<char>,std::allocator<char>>”需要有 dll 接口由 class“IOLib::Rawdatafile”的客户端使用
  c:\program files (x86)\microsoft visual studio\2017\community\vc\tools\msvc\14.16.27023\include\xstring(4373): note: 参见“std::basic_string<char,std::char_traits<char>,std::allocator<char>>”的声明
c:\users\cocoa\source\repos\analysislibrary\analysis&io\io\iolibrary.h(97): warning C4251: “IOLib::Rawdatafile::filename”: class“std::basic_string<char,std::char_traits<char>,std::allocator<char>>”需要有 dll 接口由 class“IOLib::Rawdatafile”的客户端使用
  c:\program files (x86)\microsoft visual studio\2017\community\vc\tools\msvc\14.16.27023\include\xstring(4373): note: 参见“std::basic_string<char,std::char_traits<char>,std::allocator<char>>”的声明
c:\users\cocoa\source\repos\analysislibrary\analysis&io\io\structedfileio.cpp(363): warning C4244: “=”: 从“unsigned short”转换到“unsigned char”，可能丢失数据
  正在生成代码...
    正在创建库 C:\Users\Cocoa\source\repos\AnalysisLibrary\Analysis&IO\Debug\IOLibrary.lib 和对象 C:\Users\Cocoa\source\repos\AnalysisLibrary\Analysis&IO\Debug\IOLibrary.exp
  IOLibrary.vcxproj -> C:\Users\Cocoa\source\repos\AnalysisLibrary\Analysis&IO\Debug\IOLibrary.dll
