  stdafx.cpp
c1xx : warning C4199: C++/CLI、C++/CX 或 OpenMP 不支持两阶段名称查找；请使用 /Zc:twoPhase-
  AnalysisClr.cpp
c1xx : warning C4199: C++/CLI、C++/CX 或 OpenMP 不支持两阶段名称查找；请使用 /Zc:twoPhase-
  dllmain.cpp
c1xx : warning C4199: C++/CLI、C++/CX 或 OpenMP 不支持两阶段名称查找；请使用 /Zc:twoPhase-
  IOClr.cpp
c1xx : warning C4199: C++/CLI、C++/CX 或 OpenMP 不支持两阶段名称查找；请使用 /Zc:twoPhase-
c:\users\cocoa\source\repos\analysislibrary\analysis&io\io\iolibrary.h(65): warning C4251: “IOLib::Structedfile::filepath”: class“std::basic_string<char,std::char_traits<char>,std::allocator<char>>”需要有 dll 接口由 class“IOLib::Structedfile”的客户端使用
  c:\program files (x86)\microsoft visual studio\2017\community\vc\tools\msvc\14.16.27023\include\xstring(4373): note: 参见“std::basic_string<char,std::char_traits<char>,std::allocator<char>>”的声明
c:\users\cocoa\source\repos\analysislibrary\analysis&io\io\iolibrary.h(66): warning C4251: “IOLib::Structedfile::filename”: class“std::basic_string<char,std::char_traits<char>,std::allocator<char>>”需要有 dll 接口由 class“IOLib::Structedfile”的客户端使用
  c:\program files (x86)\microsoft visual studio\2017\community\vc\tools\msvc\14.16.27023\include\xstring(4373): note: 参见“std::basic_string<char,std::char_traits<char>,std::allocator<char>>”的声明
c:\users\cocoa\source\repos\analysislibrary\analysis&io\io\iolibrary.h(96): warning C4251: “IOLib::Rawdatafile::filepath”: class“std::basic_string<char,std::char_traits<char>,std::allocator<char>>”需要有 dll 接口由 class“IOLib::Rawdatafile”的客户端使用
  c:\program files (x86)\microsoft visual studio\2017\community\vc\tools\msvc\14.16.27023\include\xstring(4373): note: 参见“std::basic_string<char,std::char_traits<char>,std::allocator<char>>”的声明
c:\users\cocoa\source\repos\analysislibrary\analysis&io\io\iolibrary.h(97): warning C4251: “IOLib::Rawdatafile::filename”: class“std::basic_string<char,std::char_traits<char>,std::allocator<char>>”需要有 dll 接口由 class“IOLib::Rawdatafile”的客户端使用
  c:\program files (x86)\microsoft visual studio\2017\community\vc\tools\msvc\14.16.27023\include\xstring(4373): note: 参见“std::basic_string<char,std::char_traits<char>,std::allocator<char>>”的声明
  正在生成代码...
C:\Users\Cocoa\source\repos\AnalysisLibrary\AnalysisClr\dllmain.cpp : warning C4747: 调用托管“_DllMain@12”: 托管代码可能未运行在加载程序锁下，包括 DLL 入口点和从 DLL 入口点访问到的调用
  .NETFramework,Version=v4.0.AssemblyAttributes.cpp
c1xx : warning C4199: C++/CLI、C++/CX 或 OpenMP 不支持两阶段名称查找；请使用 /Zc:twoPhase-
  AnalysisClr.obj :托管的代码存在时 /DEBUG:FASTLINK 不受支持；正在重新启动与 /DEBUG:FULL 的链接
  AnalysisClr.obj : 遇到了 MSIL 模块；对 MSIL 禁用了增量链接；正在执行完全链接
IOClr.obj : error LNK2020: 无法解析的标记(060000A0) IOClr.Rawdatafile::.ctor
IOClr.obj : error LNK2020: 无法解析的标记(060000A1) IOClr.Rawdatafile::.ctor
IOClr.obj : error LNK2020: 无法解析的标记(060000A2) IOClr.Rawdatafile::op_Assign
IOClr.obj : error LNK2020: 无法解析的标记(060000A3) IOClr.Rawdatafile::~Rawdatafile
AnalysisClr.obj : error LNK2028: 无法解析的标记(0A000475) "public: bool __thiscall Analysis::EnergySP::Analysis_Derivative(struct Analysis::AnalysisParam)" (?Analysis_Derivative@EnergySP@Analysis@@$$FQAE_NUAnalysisParam@2@@Z)，该标记在函数 "public: bool __clrcall AnalysisClr::EnergySP::Analysis_Derivative(class AnalysisClr::AnalysisParam)" (?Analysis_Derivative@EnergySP@AnalysisClr@@$$FQ$AAM_NVAnalysisParam@2@@Z) 中被引用
AnalysisClr.obj : error LNK2028: 无法解析的标记(0A000476) "public: bool __thiscall Analysis::EnergySP::Analysis_ExpectMaxium(struct Analysis::AnalysisParam)" (?Analysis_ExpectMaxium@EnergySP@Analysis@@$$FQAE_NUAnalysisParam@2@@Z)，该标记在函数 "public: bool __clrcall AnalysisClr::EnergySP::Analysis_ExpectMaxium(class AnalysisClr::AnalysisParam)" (?Analysis_ExpectMaxium@EnergySP@AnalysisClr@@$$FQ$AAM_NVAnalysisParam@2@@Z) 中被引用
AnalysisClr.obj : error LNK2028: 无法解析的标记(0A000477) "public: bool __thiscall Analysis::EnergySP::Analysis_LevenbergMarquardt(struct Analysis::AnalysisParam)" (?Analysis_LevenbergMarquardt@EnergySP@Analysis@@$$FQAE_NUAnalysisParam@2@@Z)，该标记在函数 "public: bool __clrcall AnalysisClr::EnergySP::Analysis_LevenbergMarquardt(class AnalysisClr::AnalysisParam)" (?Analysis_LevenbergMarquardt@EnergySP@AnalysisClr@@$$FQ$AAM_NVAnalysisParam@2@@Z) 中被引用
AnalysisClr.obj : error LNK2028: 无法解析的标记(0A000478) "public: bool __thiscall Analysis::EnergySP::Analysis_De_LM_EM(struct Analysis::AnalysisParam)" (?Analysis_De_LM_EM@EnergySP@Analysis@@$$FQAE_NUAnalysisParam@2@@Z)，该标记在函数 "public: bool __clrcall AnalysisClr::EnergySP::Analysis_De_LM_EM(class AnalysisClr::AnalysisParam)" (?Analysis_De_LM_EM@EnergySP@AnalysisClr@@$$FQ$AAM_NVAnalysisParam@2@@Z) 中被引用
AnalysisClr.obj : error LNK2028: 无法解析的标记(0A000479) "public: class std::basic_string<char,struct std::char_traits<char>,class std::allocator<char> > __thiscall Analysis::EnergySP::RadioisotopeIdentificate(struct Analysis::AnalysisParam)" (?RadioisotopeIdentificate@EnergySP@Analysis@@$$FQAE?AV?$basic_string@DU?$char_traits@D@std@@V?$allocator@D@2@@std@@UAnalysisParam@2@@Z)，该标记在函数 "public: class System::String ^ __clrcall AnalysisClr::EnergySP::RadioisotopeIdentificate(class AnalysisClr::AnalysisParam)" (?RadioisotopeIdentificate@EnergySP@AnalysisClr@@$$FQ$AAMP$AAVString@System@@VAnalysisParam@2@@Z) 中被引用
AnalysisClr.obj : error LNK2028: 无法解析的标记(0A00047A) "public: __thiscall Analysis::EnergySP::EnergySP(class Analysis::EnergySP const &)" (??0EnergySP@Analysis@@$$FQAE@ABV01@@Z)，该标记在函数 "public: __clrcall AnalysisClr::EnergySP::EnergySP(class AnalysisClr::EnergySP const ^)" (??0EnergySP@AnalysisClr@@$$FQ$AAM@P$ABV01@@Z) 中被引用
IOClr.obj : error LNK2028: 无法解析的标记(0A000477) "public: __thiscall Analysis::EnergySP::EnergySP(void)" (??0EnergySP@Analysis@@$$FQAE@XZ)，该标记在函数 "public: void __clrcall IOClr::Structedfile::Esp::set(cli::array<class AnalysisClr::EnergySP ^ >^)" (?set@Esp@Structedfile@IOClr@@$$FQ$AAMXP$01AP$AAVEnergySP@AnalysisClr@@@Z) 中被引用
AnalysisClr.obj : error LNK2028: 无法解析的标记(0A00047B) "public: __thiscall Analysis::EnergySP::EnergySP(void)" (??0EnergySP@Analysis@@$$FQAE@XZ)，该标记在函数 "public: __clrcall AnalysisClr::EnergySP::EnergySP(void)" (??0EnergySP@AnalysisClr@@$$FQ$AAM@XZ) 中被引用
IOClr.obj : error LNK2020: 无法解析的标记(0A000479) "public: __thiscall Analysis::EnergySP::~EnergySP(void)" (??1EnergySP@Analysis@@$$FQAE@XZ)
AnalysisClr.obj : error LNK2028: 无法解析的标记(0A00047C) "public: __thiscall Analysis::EnergySP::~EnergySP(void)" (??1EnergySP@Analysis@@$$FQAE@XZ)，该标记在函数 "public: class Analysis::EnergySP __clrcall AnalysisClr::EnergySP::getCORE(void)" (?getCORE@EnergySP@AnalysisClr@@$$FQ$AAM?AV1Analysis@@XZ) 中被引用
AnalysisClr.obj : error LNK2028: 无法解析的标记(0A00047D) "public: __thiscall Analysis::Event::Event(class Analysis::Event const &)" (??0Event@Analysis@@$$FQAE@ABV01@@Z)，该标记在函数 "public: __clrcall AnalysisClr::Event::Event(class AnalysisClr::Event const ^)" (??0Event@AnalysisClr@@$$FQ$AAM@P$ABV01@@Z) 中被引用
AnalysisClr.obj : error LNK2028: 无法解析的标记(0A00047E) "public: __thiscall Analysis::Event::Event(void)" (??0Event@Analysis@@$$FQAE@XZ)，该标记在函数 "public: __clrcall AnalysisClr::Event::Event(void)" (??0Event@AnalysisClr@@$$FQ$AAM@XZ) 中被引用
AnalysisClr.obj : error LNK2028: 无法解析的标记(0A00047F) "public: __thiscall Analysis::Event::~Event(void)" (??1Event@Analysis@@$$FQAE@XZ)，该标记在函数 "public: class Analysis::Event __clrcall AnalysisClr::Event::getCORE(void)" (?getCORE@Event@AnalysisClr@@$$FQ$AAM?AV1Analysis@@XZ) 中被引用
AnalysisClr.obj : error LNK2028: 无法解析的标记(0A000480) "public: bool __thiscall Analysis::WaveForm::Analysis(struct Analysis::AnalysisParam)" (?Analysis@WaveForm@0@$$FQAE_NUAnalysisParam@0@@Z)，该标记在函数 "public: bool __clrcall AnalysisClr::WaveForm::Analysis(class AnalysisClr::AnalysisParam)" (?Analysis@WaveForm@AnalysisClr@@$$FQ$AAM_NVAnalysisParam@2@@Z) 中被引用
AnalysisClr.obj : error LNK2028: 无法解析的标记(0A000481) "public: bool __thiscall Analysis::WaveForm::FFT(struct Analysis::AnalysisParam)" (?FFT@WaveForm@Analysis@@$$FQAE_NUAnalysisParam@2@@Z)，该标记在函数 "public: bool __clrcall AnalysisClr::WaveForm::FFT(class AnalysisClr::AnalysisParam)" (?FFT@WaveForm@AnalysisClr@@$$FQ$AAM_NVAnalysisParam@2@@Z) 中被引用
AnalysisClr.obj : error LNK2028: 无法解析的标记(0A000482) "public: struct Analysis::SinWave * __thiscall Analysis::WaveForm::SinFit(struct Analysis::AnalysisParam)" (?SinFit@WaveForm@Analysis@@$$FQAEPAUSinWave@2@UAnalysisParam@2@@Z)，该标记在函数 "public: class AnalysisClr::SinWave ^ __clrcall AnalysisClr::WaveForm::SinFit(class AnalysisClr::AnalysisParam)" (?SinFit@WaveForm@AnalysisClr@@$$FQ$AAMP$AAVSinWave@2@VAnalysisParam@2@@Z) 中被引用
AnalysisClr.obj : error LNK2028: 无法解析的标记(0A000483) "public: double * __thiscall Analysis::WaveForm::DNL(struct Analysis::SinWave *,int,struct Analysis::AnalysisParam,int &)" (?DNL@WaveForm@Analysis@@$$FQAEPANPAUSinWave@2@HUAnalysisParam@2@AAH@Z)，该标记在函数 "public: cli::array<double >^" (?DNL@WaveForm@AnalysisClr@@$$FQ$AAMP$01ANP$01AP$AAVSinWave@2@HVAnalysisParam@2@@Z) 中被引用
AnalysisClr.obj : error LNK2028: 无法解析的标记(0A000484) "public: double * __thiscall Analysis::WaveForm::INL(struct Analysis::SinWave *,int,struct Analysis::AnalysisParam,int &)" (?INL@WaveForm@Analysis@@$$FQAEPANPAUSinWave@2@HUAnalysisParam@2@AAH@Z)，该标记在函数 "public: cli::array<double >^" (?INL@WaveForm@AnalysisClr@@$$FQ$AAMP$01ANP$01AP$AAVSinWave@2@HVAnalysisParam@2@@Z) 中被引用
AnalysisClr.obj : error LNK2028: 无法解析的标记(0A000485) "public: double __thiscall Analysis::WaveForm::SNR(struct Analysis::AnalysisParam)" (?SNR@WaveForm@Analysis@@$$FQAENUAnalysisParam@2@@Z)，该标记在函数 "public: double __clrcall AnalysisClr::WaveForm::SNR(class AnalysisClr::AnalysisParam)" (?SNR@WaveForm@AnalysisClr@@$$FQ$AAMNVAnalysisParam@2@@Z) 中被引用
AnalysisClr.obj : error LNK2028: 无法解析的标记(0A000486) "public: double __thiscall Analysis::WaveForm::SINAD(struct Analysis::AnalysisParam)" (?SINAD@WaveForm@Analysis@@$$FQAENUAnalysisParam@2@@Z)，该标记在函数 "public: double __clrcall AnalysisClr::WaveForm::SINAD(class AnalysisClr::AnalysisParam)" (?SINAD@WaveForm@AnalysisClr@@$$FQ$AAMNVAnalysisParam@2@@Z) 中被引用
AnalysisClr.obj : error LNK2028: 无法解析的标记(0A000487) "public: double __thiscall Analysis::WaveForm::ENOB(struct Analysis::AnalysisParam)" (?ENOB@WaveForm@Analysis@@$$FQAENUAnalysisParam@2@@Z)，该标记在函数 "public: double __clrcall AnalysisClr::WaveForm::ENOB(class AnalysisClr::AnalysisParam)" (?ENOB@WaveForm@AnalysisClr@@$$FQ$AAMNVAnalysisParam@2@@Z) 中被引用
AnalysisClr.obj : error LNK2028: 无法解析的标记(0A000488) "public: double __thiscall Analysis::WaveForm::SFDR(struct Analysis::AnalysisParam)" (?SFDR@WaveForm@Analysis@@$$FQAENUAnalysisParam@2@@Z)，该标记在函数 "public: double __clrcall AnalysisClr::WaveForm::SFDR(class AnalysisClr::AnalysisParam)" (?SFDR@WaveForm@AnalysisClr@@$$FQ$AAMNVAnalysisParam@2@@Z) 中被引用
AnalysisClr.obj : error LNK2028: 无法解析的标记(0A000489) "public: double __thiscall Analysis::WaveForm::THD(struct Analysis::AnalysisParam)" (?THD@WaveForm@Analysis@@$$FQAENUAnalysisParam@2@@Z)，该标记在函数 "public: double __clrcall AnalysisClr::WaveForm::THD(class AnalysisClr::AnalysisParam)" (?THD@WaveForm@AnalysisClr@@$$FQ$AAMNVAnalysisParam@2@@Z) 中被引用
AnalysisClr.obj : error LNK2028: 无法解析的标记(0A00048A) "public: __thiscall Analysis::WaveForm::WaveForm(class Analysis::WaveForm const &)" (??0WaveForm@Analysis@@$$FQAE@ABV01@@Z)，该标记在函数 "public: __clrcall AnalysisClr::WaveForm::WaveForm(class AnalysisClr::WaveForm const ^)" (??0WaveForm@AnalysisClr@@$$FQ$AAM@P$ABV01@@Z) 中被引用
AnalysisClr.obj : error LNK2028: 无法解析的标记(0A00048B) "public: __thiscall Analysis::WaveForm::WaveForm(void)" (??0WaveForm@Analysis@@$$FQAE@XZ)，该标记在函数 "public: __clrcall AnalysisClr::WaveForm::WaveForm(void)" (??0WaveForm@AnalysisClr@@$$FQ$AAM@XZ) 中被引用
AnalysisClr.obj : error LNK2028: 无法解析的标记(0A00048C) "public: __thiscall Analysis::WaveForm::~WaveForm(void)" (??1WaveForm@Analysis@@$$FQAE@XZ)，该标记在函数 "public: class Analysis::WaveForm __clrcall AnalysisClr::WaveForm::getCORE(void)" (?getCORE@WaveForm@AnalysisClr@@$$FQ$AAM?AV1Analysis@@XZ) 中被引用
IOClr.obj : error LNK2028: 无法解析的标记(0A000478) "public: class Analysis::EnergySP & __thiscall Analysis::EnergySP::operator=(class Analysis::EnergySP const &)" (??4EnergySP@Analysis@@$$FQAEAAV01@ABV01@@Z)，该标记在函数 "public: void __clrcall IOClr::Structedfile::Esp::set(cli::array<class AnalysisClr::EnergySP ^ >^)" (?set@Esp@Structedfile@IOClr@@$$FQ$AAMXP$01AP$AAVEnergySP@AnalysisClr@@@Z) 中被引用
IOClr.obj : error LNK2028: 无法解析的标记(0A00052D) "public: bool __thiscall IOLib::Rawdatafile::ReadFile(class std::basic_string<char,struct std::char_traits<char>,class std::allocator<char> >,class std::basic_string<char,struct std::char_traits<char>,class std::allocator<char> >)" (?ReadFile@Rawdatafile@IOLib@@$$FQAE_NV?$basic_string@DU?$char_traits@D@std@@V?$allocator@D@2@@std@@0@Z)，该标记在函数 "public: bool __clrcall IOClr::Rawdatafile::ReadFile(class System::String ^,class System::String ^)" (?ReadFile@Rawdatafile@IOClr@@$$FQ$AAM_NP$AAVString@System@@0@Z) 中被引用
IOClr.obj : error LNK2028: 无法解析的标记(0A00052E) "public: bool __thiscall IOLib::Rawdatafile::WriteFrame(unsigned char *)" (?WriteFrame@Rawdatafile@IOLib@@$$FQAE_NPAE@Z)，该标记在函数 "public: bool __clrcall IOClr::Rawdatafile::WriteFrame(class System::IntPtr)" (?WriteFrame@Rawdatafile@IOClr@@$$FQ$AAM_NVIntPtr@System@@@Z) 中被引用
IOClr.obj : error LNK2028: 无法解析的标记(0A00052F) "public: class IOLib::Structedfile __thiscall IOLib::Rawdatafile::AnalysisFrameCache(void)" (?AnalysisFrameCache@Rawdatafile@IOLib@@$$FQAE?AVStructedfile@2@XZ)，该标记在函数 "public: class IOClr::Structedfile ^ __clrcall IOClr::Rawdatafile::AnalysisFrameCache(void)" (?AnalysisFrameCache@Rawdatafile@IOClr@@$$FQ$AAMP$AAVStructedfile@2@XZ) 中被引用
IOClr.obj : error LNK2028: 无法解析的标记(0A000530) "public: bool __thiscall IOLib::Rawdatafile::WriteFile(class std::basic_string<char,struct std::char_traits<char>,class std::allocator<char> >,class std::basic_string<char,struct std::char_traits<char>,class std::allocator<char> >)" (?WriteFile@Rawdatafile@IOLib@@$$FQAE_NV?$basic_string@DU?$char_traits@D@std@@V?$allocator@D@2@@std@@0@Z)，该标记在函数 "public: bool __clrcall IOClr::Rawdatafile::WriteFile(class System::String ^,class System::String ^)" (?WriteFile@Rawdatafile@IOClr@@$$FQ$AAM_NP$AAVString@System@@0@Z) 中被引用
IOClr.obj : error LNK2028: 无法解析的标记(0A000531) "public: bool __thiscall IOLib::Rawdatafile::AddOnFile(class std::basic_string<char,struct std::char_traits<char>,class std::allocator<char> >,class std::basic_string<char,struct std::char_traits<char>,class std::allocator<char> >)" (?AddOnFile@Rawdatafile@IOLib@@$$FQAE_NV?$basic_string@DU?$char_traits@D@std@@V?$allocator@D@2@@std@@0@Z)，该标记在函数 "public: bool __clrcall IOClr::Rawdatafile::AddOnFile(class System::String ^,class System::String ^)" (?AddOnFile@Rawdatafile@IOClr@@$$FQ$AAM_NP$AAVString@System@@0@Z) 中被引用
IOClr.obj : error LNK2028: 无法解析的标记(0A000532) "public: __thiscall IOLib::Structedfile::Structedfile(class IOLib::Structedfile const &)" (??0Structedfile@IOLib@@$$FQAE@ABV01@@Z)，该标记在函数 "public: __clrcall IOClr::Structedfile::Structedfile(class IOClr::Structedfile const ^)" (??0Structedfile@IOClr@@$$FQ$AAM@P$ABV01@@Z) 中被引用
IOClr.obj : error LNK2028: 无法解析的标记(0A000533) "public: __thiscall IOLib::Structedfile::Structedfile(void)" (??0Structedfile@IOLib@@$$FQAE@XZ)，该标记在函数 "public: __clrcall IOClr::Structedfile::Structedfile(void)" (??0Structedfile@IOClr@@$$FQ$AAM@XZ) 中被引用
IOClr.obj : error LNK2028: 无法解析的标记(0A000534) "public: __thiscall IOLib::Structedfile::~Structedfile(void)" (??1Structedfile@IOLib@@$$FQAE@XZ)，该标记在函数 "public: class IOClr::Structedfile ^ __clrcall IOClr::Rawdatafile::AnalysisFrameCache(void)" (?AnalysisFrameCache@Rawdatafile@IOClr@@$$FQ$AAMP$AAVStructedfile@2@XZ) 中被引用
IOClr.obj : error LNK2028: 无法解析的标记(0A000535) "public: bool __thiscall IOLib::Structedfile::ReadFile(class std::basic_string<char,struct std::char_traits<char>,class std::allocator<char> >,class std::basic_string<char,struct std::char_traits<char>,class std::allocator<char> >)" (?ReadFile@Structedfile@IOLib@@$$FQAE_NV?$basic_string@DU?$char_traits@D@std@@V?$allocator@D@2@@std@@0@Z)，该标记在函数 "public: bool __clrcall IOClr::Structedfile::ReadFile(class System::String ^,class System::String ^)" (?ReadFile@Structedfile@IOClr@@$$FQ$AAM_NP$AAVString@System@@0@Z) 中被引用
IOClr.obj : error LNK2028: 无法解析的标记(0A000536) "public: bool __thiscall IOLib::Structedfile::WriteFile(class std::basic_string<char,struct std::char_traits<char>,class std::allocator<char> >,class std::basic_string<char,struct std::char_traits<char>,class std::allocator<char> >)" (?WriteFile@Structedfile@IOLib@@$$FQAE_NV?$basic_string@DU?$char_traits@D@std@@V?$allocator@D@2@@std@@0@Z)，该标记在函数 "public: bool __clrcall IOClr::Structedfile::WriteFile(class System::String ^,class System::String ^)" (?WriteFile@Structedfile@IOClr@@$$FQ$AAM_NP$AAVString@System@@0@Z) 中被引用
IOClr.obj : error LNK2028: 无法解析的标记(0A000537) "void __cdecl IOLib::ParamNote(struct IOLib::StateCode const &,struct IOLib::StateNote &)" (?ParamNote@IOLib@@$$FYAXABUStateCode@1@AAUStateNote@1@@Z)，该标记在函数 "public: class IOClr::StateNote ^ __clrcall IOClr::StateCode::ParamNote(void)" (?ParamNote@StateCode@IOClr@@$$FQ$AAMP$AAVStateNote@2@XZ) 中被引用
IOClr.obj : error LNK2028: 无法解析的标记(0A000538) "public: __thiscall IOLib::WaveFormRaw::WaveFormRaw(class IOLib::WaveFormRaw const &)" (??0WaveFormRaw@IOLib@@$$FQAE@ABV01@@Z)，该标记在函数 "public: class IOLib::WaveFormRaw __clrcall IOClr::WaveFormRaw::getCORE(void)" (?getCORE@WaveFormRaw@IOClr@@$$FQ$AAM?AV1IOLib@@XZ) 中被引用
IOClr.obj : error LNK2028: 无法解析的标记(0A000539) "public: __thiscall IOLib::WaveFormRaw::WaveFormRaw(void)" (??0WaveFormRaw@IOLib@@$$FQAE@XZ)，该标记在函数 "public: __clrcall IOClr::WaveFormRaw::WaveFormRaw(void)" (??0WaveFormRaw@IOClr@@$$FQ$AAM@XZ) 中被引用
IOClr.obj : error LNK2028: 无法解析的标记(0A00053A) "public: class IOLib::WaveFormRaw & __thiscall IOLib::WaveFormRaw::operator=(class IOLib::WaveFormRaw const &)" (??4WaveFormRaw@IOLib@@$$FQAEAAV01@ABV01@@Z)，该标记在函数 "public: void __clrcall IOClr::Structedfile::Wav::set(cli::array<class IOClr::WaveFormRaw ^ >^)" (?set@Wav@Structedfile@IOClr@@$$FQ$AAMXP$01AP$AAVWaveFormRaw@3@@Z) 中被引用
IOClr.obj : error LNK2028: 无法解析的标记(0A00053B) "public: __thiscall IOLib::WaveFormRaw::~WaveFormRaw(void)" (??1WaveFormRaw@IOLib@@$$FQAE@XZ)，该标记在函数 "public: class IOLib::WaveFormRaw __clrcall IOClr::WaveFormRaw::getCORE(void)" (?getCORE@WaveFormRaw@IOClr@@$$FQ$AAM?AV1IOLib@@XZ) 中被引用
AnalysisClr.obj : error LNK2019: 无法解析的外部符号 "public: __thiscall Analysis::EnergySP::EnergySP(void)" (??0EnergySP@Analysis@@$$FQAE@XZ)，该符号在函数 "public: __clrcall AnalysisClr::EnergySP::EnergySP(void)" (??0EnergySP@AnalysisClr@@$$FQ$AAM@XZ) 中被引用
IOClr.obj : error LNK2001: 无法解析的外部符号 "public: __thiscall Analysis::EnergySP::EnergySP(void)" (??0EnergySP@Analysis@@$$FQAE@XZ)
AnalysisClr.obj : error LNK2019: 无法解析的外部符号 "public: __thiscall Analysis::EnergySP::EnergySP(class Analysis::EnergySP const &)" (??0EnergySP@Analysis@@$$FQAE@ABV01@@Z)，该符号在函数 "public: __clrcall AnalysisClr::EnergySP::EnergySP(class AnalysisClr::EnergySP const ^)" (??0EnergySP@AnalysisClr@@$$FQ$AAM@P$ABV01@@Z) 中被引用
AnalysisClr.obj : error LNK2019: 无法解析的外部符号 "public: __thiscall Analysis::EnergySP::~EnergySP(void)" (??1EnergySP@Analysis@@$$FQAE@XZ)，该符号在函数 "public: class Analysis::EnergySP __clrcall AnalysisClr::EnergySP::getCORE(void)" (?getCORE@EnergySP@AnalysisClr@@$$FQ$AAM?AV1Analysis@@XZ) 中被引用
IOClr.obj : error LNK2001: 无法解析的外部符号 "public: __thiscall Analysis::EnergySP::~EnergySP(void)" (??1EnergySP@Analysis@@$$FQAE@XZ)
AnalysisClr.obj : error LNK2019: 无法解析的外部符号 "public: __thiscall Analysis::WaveForm::WaveForm(void)" (??0WaveForm@Analysis@@$$FQAE@XZ)，该符号在函数 "public: __clrcall AnalysisClr::WaveForm::WaveForm(void)" (??0WaveForm@AnalysisClr@@$$FQ$AAM@XZ) 中被引用
AnalysisClr.obj : error LNK2019: 无法解析的外部符号 "public: __thiscall Analysis::WaveForm::WaveForm(class Analysis::WaveForm const &)" (??0WaveForm@Analysis@@$$FQAE@ABV01@@Z)，该符号在函数 "public: __clrcall AnalysisClr::WaveForm::WaveForm(class AnalysisClr::WaveForm const ^)" (??0WaveForm@AnalysisClr@@$$FQ$AAM@P$ABV01@@Z) 中被引用
AnalysisClr.obj : error LNK2019: 无法解析的外部符号 "public: __thiscall Analysis::WaveForm::~WaveForm(void)" (??1WaveForm@Analysis@@$$FQAE@XZ)，该符号在函数 "public: class Analysis::WaveForm __clrcall AnalysisClr::WaveForm::getCORE(void)" (?getCORE@WaveForm@AnalysisClr@@$$FQ$AAM?AV1Analysis@@XZ) 中被引用
AnalysisClr.obj : error LNK2019: 无法解析的外部符号 "public: __thiscall Analysis::Event::Event(void)" (??0Event@Analysis@@$$FQAE@XZ)，该符号在函数 "public: __clrcall AnalysisClr::Event::Event(void)" (??0Event@AnalysisClr@@$$FQ$AAM@XZ) 中被引用
AnalysisClr.obj : error LNK2019: 无法解析的外部符号 "public: __thiscall Analysis::Event::Event(class Analysis::Event const &)" (??0Event@Analysis@@$$FQAE@ABV01@@Z)，该符号在函数 "public: __clrcall AnalysisClr::Event::Event(class AnalysisClr::Event const ^)" (??0Event@AnalysisClr@@$$FQ$AAM@P$ABV01@@Z) 中被引用
AnalysisClr.obj : error LNK2019: 无法解析的外部符号 "public: __thiscall Analysis::Event::~Event(void)" (??1Event@Analysis@@$$FQAE@XZ)，该符号在函数 "public: class Analysis::Event __clrcall AnalysisClr::Event::getCORE(void)" (?getCORE@Event@AnalysisClr@@$$FQ$AAM?AV1Analysis@@XZ) 中被引用
AnalysisClr.obj : error LNK2019: 无法解析的外部符号 "public: bool __thiscall Analysis::EnergySP::Analysis_ExpectMaxium(struct Analysis::AnalysisParam)" (?Analysis_ExpectMaxium@EnergySP@Analysis@@$$FQAE_NUAnalysisParam@2@@Z)，该符号在函数 "public: bool __clrcall AnalysisClr::EnergySP::Analysis_ExpectMaxium(class AnalysisClr::AnalysisParam)" (?Analysis_ExpectMaxium@EnergySP@AnalysisClr@@$$FQ$AAM_NVAnalysisParam@2@@Z) 中被引用
AnalysisClr.obj : error LNK2019: 无法解析的外部符号 "public: bool __thiscall Analysis::EnergySP::Analysis_LevenbergMarquardt(struct Analysis::AnalysisParam)" (?Analysis_LevenbergMarquardt@EnergySP@Analysis@@$$FQAE_NUAnalysisParam@2@@Z)，该符号在函数 "public: bool __clrcall AnalysisClr::EnergySP::Analysis_LevenbergMarquardt(class AnalysisClr::AnalysisParam)" (?Analysis_LevenbergMarquardt@EnergySP@AnalysisClr@@$$FQ$AAM_NVAnalysisParam@2@@Z) 中被引用
AnalysisClr.obj : error LNK2019: 无法解析的外部符号 "public: bool __thiscall Analysis::EnergySP::Analysis_De_LM_EM(struct Analysis::AnalysisParam)" (?Analysis_De_LM_EM@EnergySP@Analysis@@$$FQAE_NUAnalysisParam@2@@Z)，该符号在函数 "public: bool __clrcall AnalysisClr::EnergySP::Analysis_De_LM_EM(class AnalysisClr::AnalysisParam)" (?Analysis_De_LM_EM@EnergySP@AnalysisClr@@$$FQ$AAM_NVAnalysisParam@2@@Z) 中被引用
AnalysisClr.obj : error LNK2019: 无法解析的外部符号 "public: class std::basic_string<char,struct std::char_traits<char>,class std::allocator<char> > __thiscall Analysis::EnergySP::RadioisotopeIdentificate(struct Analysis::AnalysisParam)" (?RadioisotopeIdentificate@EnergySP@Analysis@@$$FQAE?AV?$basic_string@DU?$char_traits@D@std@@V?$allocator@D@2@@std@@UAnalysisParam@2@@Z)，该符号在函数 "public: class System::String ^ __clrcall AnalysisClr::EnergySP::RadioisotopeIdentificate(class AnalysisClr::AnalysisParam)" (?RadioisotopeIdentificate@EnergySP@AnalysisClr@@$$FQ$AAMP$AAVString@System@@VAnalysisParam@2@@Z) 中被引用
AnalysisClr.obj : error LNK2019: 无法解析的外部符号 "public: bool __thiscall Analysis::WaveForm::Analysis(struct Analysis::AnalysisParam)" (?Analysis@WaveForm@0@$$FQAE_NUAnalysisParam@0@@Z)，该符号在函数 "public: bool __clrcall AnalysisClr::WaveForm::Analysis(class AnalysisClr::AnalysisParam)" (?Analysis@WaveForm@AnalysisClr@@$$FQ$AAM_NVAnalysisParam@2@@Z) 中被引用
AnalysisClr.obj : error LNK2019: 无法解析的外部符号 "public: bool __thiscall Analysis::WaveForm::FFT(struct Analysis::AnalysisParam)" (?FFT@WaveForm@Analysis@@$$FQAE_NUAnalysisParam@2@@Z)，该符号在函数 "public: bool __clrcall AnalysisClr::WaveForm::FFT(class AnalysisClr::AnalysisParam)" (?FFT@WaveForm@AnalysisClr@@$$FQ$AAM_NVAnalysisParam@2@@Z) 中被引用
AnalysisClr.obj : error LNK2019: 无法解析的外部符号 "public: struct Analysis::SinWave * __thiscall Analysis::WaveForm::SinFit(struct Analysis::AnalysisParam)" (?SinFit@WaveForm@Analysis@@$$FQAEPAUSinWave@2@UAnalysisParam@2@@Z)，该符号在函数 "public: class AnalysisClr::SinWave ^ __clrcall AnalysisClr::WaveForm::SinFit(class AnalysisClr::AnalysisParam)" (?SinFit@WaveForm@AnalysisClr@@$$FQ$AAMP$AAVSinWave@2@VAnalysisParam@2@@Z) 中被引用
AnalysisClr.obj : error LNK2019: 无法解析的外部符号 "public: double * __thiscall Analysis::WaveForm::DNL(struct Analysis::SinWave *,int,struct Analysis::AnalysisParam,int &)" (?DNL@WaveForm@Analysis@@$$FQAEPANPAUSinWave@2@HUAnalysisParam@2@AAH@Z)，该符号在函数 "public: cli::array<double >^" (?DNL@WaveForm@AnalysisClr@@$$FQ$AAMP$01ANP$01AP$AAVSinWave@2@HVAnalysisParam@2@@Z) 中被引用
AnalysisClr.obj : error LNK2019: 无法解析的外部符号 "public: double * __thiscall Analysis::WaveForm::INL(struct Analysis::SinWave *,int,struct Analysis::AnalysisParam,int &)" (?INL@WaveForm@Analysis@@$$FQAEPANPAUSinWave@2@HUAnalysisParam@2@AAH@Z)，该符号在函数 "public: cli::array<double >^" (?INL@WaveForm@AnalysisClr@@$$FQ$AAMP$01ANP$01AP$AAVSinWave@2@HVAnalysisParam@2@@Z) 中被引用
AnalysisClr.obj : error LNK2019: 无法解析的外部符号 "public: double __thiscall Analysis::WaveForm::SNR(struct Analysis::AnalysisParam)" (?SNR@WaveForm@Analysis@@$$FQAENUAnalysisParam@2@@Z)，该符号在函数 "public: double __clrcall AnalysisClr::WaveForm::SNR(class AnalysisClr::AnalysisParam)" (?SNR@WaveForm@AnalysisClr@@$$FQ$AAMNVAnalysisParam@2@@Z) 中被引用
AnalysisClr.obj : error LNK2019: 无法解析的外部符号 "public: double __thiscall Analysis::WaveForm::SINAD(struct Analysis::AnalysisParam)" (?SINAD@WaveForm@Analysis@@$$FQAENUAnalysisParam@2@@Z)，该符号在函数 "public: double __clrcall AnalysisClr::WaveForm::SINAD(class AnalysisClr::AnalysisParam)" (?SINAD@WaveForm@AnalysisClr@@$$FQ$AAMNVAnalysisParam@2@@Z) 中被引用
AnalysisClr.obj : error LNK2019: 无法解析的外部符号 "public: double __thiscall Analysis::WaveForm::ENOB(struct Analysis::AnalysisParam)" (?ENOB@WaveForm@Analysis@@$$FQAENUAnalysisParam@2@@Z)，该符号在函数 "public: double __clrcall AnalysisClr::WaveForm::ENOB(class AnalysisClr::AnalysisParam)" (?ENOB@WaveForm@AnalysisClr@@$$FQ$AAMNVAnalysisParam@2@@Z) 中被引用
AnalysisClr.obj : error LNK2019: 无法解析的外部符号 "public: double __thiscall Analysis::WaveForm::SFDR(struct Analysis::AnalysisParam)" (?SFDR@WaveForm@Analysis@@$$FQAENUAnalysisParam@2@@Z)，该符号在函数 "public: double __clrcall AnalysisClr::WaveForm::SFDR(class AnalysisClr::AnalysisParam)" (?SFDR@WaveForm@AnalysisClr@@$$FQ$AAMNVAnalysisParam@2@@Z) 中被引用
AnalysisClr.obj : error LNK2019: 无法解析的外部符号 "public: double __thiscall Analysis::WaveForm::THD(struct Analysis::AnalysisParam)" (?THD@WaveForm@Analysis@@$$FQAENUAnalysisParam@2@@Z)，该符号在函数 "public: double __clrcall AnalysisClr::WaveForm::THD(class AnalysisClr::AnalysisParam)" (?THD@WaveForm@AnalysisClr@@$$FQ$AAMNVAnalysisParam@2@@Z) 中被引用
AnalysisClr.obj : error LNK2019: 无法解析的外部符号 "public: bool __thiscall Analysis::EnergySP::Analysis_Derivative(struct Analysis::AnalysisParam)" (?Analysis_Derivative@EnergySP@Analysis@@$$FQAE_NUAnalysisParam@2@@Z)，该符号在函数 "public: bool __clrcall AnalysisClr::EnergySP::Analysis_Derivative(class AnalysisClr::AnalysisParam)" (?Analysis_Derivative@EnergySP@AnalysisClr@@$$FQ$AAM_NVAnalysisParam@2@@Z) 中被引用
IOClr.obj : error LNK2019: 无法解析的外部符号 "public: __thiscall Analysis::EnergySP::~EnergySP(void)" (??1EnergySP@Analysis@@QAE@XZ)，该符号在函数 "public: void * __thiscall Analysis::EnergySP::`vector deleting destructor'(unsigned int)" (??_EEnergySP@Analysis@@QAEPAXI@Z) 中被引用
IOClr.obj : error LNK2019: 无法解析的外部符号 "public: __thiscall IOLib::WaveFormRaw::~WaveFormRaw(void)" (??1WaveFormRaw@IOLib@@$$FQAE@XZ)，该符号在函数 "public: class IOLib::WaveFormRaw __clrcall IOClr::WaveFormRaw::getCORE(void)" (?getCORE@WaveFormRaw@IOClr@@$$FQ$AAM?AV1IOLib@@XZ) 中被引用
IOClr.obj : error LNK2019: 无法解析的外部符号 "public: __thiscall IOLib::WaveFormRaw::~WaveFormRaw(void)" (??1WaveFormRaw@IOLib@@QAE@XZ)，该符号在函数 "public: void * __thiscall IOLib::WaveFormRaw::`vector deleting destructor'(unsigned int)" (??_EWaveFormRaw@IOLib@@QAEPAXI@Z) 中被引用
IOClr.obj : error LNK2019: 无法解析的外部符号 "public: __thiscall IOLib::WaveFormRaw::WaveFormRaw(void)" (??0WaveFormRaw@IOLib@@$$FQAE@XZ)，该符号在函数 "public: __clrcall IOClr::WaveFormRaw::WaveFormRaw(void)" (??0WaveFormRaw@IOClr@@$$FQ$AAM@XZ) 中被引用
IOClr.obj : error LNK2019: 无法解析的外部符号 "public: __thiscall IOLib::WaveFormRaw::WaveFormRaw(class IOLib::WaveFormRaw const &)" (??0WaveFormRaw@IOLib@@$$FQAE@ABV01@@Z)，该符号在函数 "public: class IOLib::WaveFormRaw __clrcall IOClr::WaveFormRaw::getCORE(void)" (?getCORE@WaveFormRaw@IOClr@@$$FQ$AAM?AV1IOLib@@XZ) 中被引用
IOClr.obj : error LNK2019: 无法解析的外部符号 "public: __thiscall IOLib::Structedfile::Structedfile(void)" (??0Structedfile@IOLib@@$$FQAE@XZ)，该符号在函数 "public: __clrcall IOClr::Structedfile::Structedfile(void)" (??0Structedfile@IOClr@@$$FQ$AAM@XZ) 中被引用
IOClr.obj : error LNK2019: 无法解析的外部符号 "public: __thiscall IOLib::Structedfile::Structedfile(class IOLib::Structedfile const &)" (??0Structedfile@IOLib@@$$FQAE@ABV01@@Z)，该符号在函数 "public: __clrcall IOClr::Structedfile::Structedfile(class IOClr::Structedfile const ^)" (??0Structedfile@IOClr@@$$FQ$AAM@P$ABV01@@Z) 中被引用
IOClr.obj : error LNK2019: 无法解析的外部符号 "public: __thiscall IOLib::Structedfile::~Structedfile(void)" (??1Structedfile@IOLib@@$$FQAE@XZ)，该符号在函数 "public: class IOClr::Structedfile ^ __clrcall IOClr::Rawdatafile::AnalysisFrameCache(void)" (?AnalysisFrameCache@Rawdatafile@IOClr@@$$FQ$AAMP$AAVStructedfile@2@XZ) 中被引用
IOClr.obj : error LNK2019: 无法解析的外部符号 "public: bool __thiscall IOLib::Rawdatafile::WriteFrame(unsigned char *)" (?WriteFrame@Rawdatafile@IOLib@@$$FQAE_NPAE@Z)，该符号在函数 "public: bool __clrcall IOClr::Rawdatafile::WriteFrame(class System::IntPtr)" (?WriteFrame@Rawdatafile@IOClr@@$$FQ$AAM_NVIntPtr@System@@@Z) 中被引用
IOClr.obj : error LNK2019: 无法解析的外部符号 "public: class IOLib::Structedfile __thiscall IOLib::Rawdatafile::AnalysisFrameCache(void)" (?AnalysisFrameCache@Rawdatafile@IOLib@@$$FQAE?AVStructedfile@2@XZ)，该符号在函数 "public: class IOClr::Structedfile ^ __clrcall IOClr::Rawdatafile::AnalysisFrameCache(void)" (?AnalysisFrameCache@Rawdatafile@IOClr@@$$FQ$AAMP$AAVStructedfile@2@XZ) 中被引用
IOClr.obj : error LNK2019: 无法解析的外部符号 "public: class Analysis::EnergySP & __thiscall Analysis::EnergySP::operator=(class Analysis::EnergySP const &)" (??4EnergySP@Analysis@@$$FQAEAAV01@ABV01@@Z)，该符号在函数 "public: void __clrcall IOClr::Structedfile::Esp::set(cli::array<class AnalysisClr::EnergySP ^ >^)" (?set@Esp@Structedfile@IOClr@@$$FQ$AAMXP$01AP$AAVEnergySP@AnalysisClr@@@Z) 中被引用
IOClr.obj : error LNK2019: 无法解析的外部符号 "public: class IOLib::WaveFormRaw & __thiscall IOLib::WaveFormRaw::operator=(class IOLib::WaveFormRaw const &)" (??4WaveFormRaw@IOLib@@$$FQAEAAV01@ABV01@@Z)，该符号在函数 "public: void __clrcall IOClr::Structedfile::Wav::set(cli::array<class IOClr::WaveFormRaw ^ >^)" (?set@Wav@Structedfile@IOClr@@$$FQ$AAMXP$01AP$AAVWaveFormRaw@3@@Z) 中被引用
IOClr.obj : error LNK2019: 无法解析的外部符号 "public: bool __thiscall IOLib::Structedfile::ReadFile(class std::basic_string<char,struct std::char_traits<char>,class std::allocator<char> >,class std::basic_string<char,struct std::char_traits<char>,class std::allocator<char> >)" (?ReadFile@Structedfile@IOLib@@$$FQAE_NV?$basic_string@DU?$char_traits@D@std@@V?$allocator@D@2@@std@@0@Z)，该符号在函数 "public: bool __clrcall IOClr::Structedfile::ReadFile(class System::String ^,class System::String ^)" (?ReadFile@Structedfile@IOClr@@$$FQ$AAM_NP$AAVString@System@@0@Z) 中被引用
IOClr.obj : error LNK2019: 无法解析的外部符号 "public: bool __thiscall IOLib::Structedfile::WriteFile(class std::basic_string<char,struct std::char_traits<char>,class std::allocator<char> >,class std::basic_string<char,struct std::char_traits<char>,class std::allocator<char> >)" (?WriteFile@Structedfile@IOLib@@$$FQAE_NV?$basic_string@DU?$char_traits@D@std@@V?$allocator@D@2@@std@@0@Z)，该符号在函数 "public: bool __clrcall IOClr::Structedfile::WriteFile(class System::String ^,class System::String ^)" (?WriteFile@Structedfile@IOClr@@$$FQ$AAM_NP$AAVString@System@@0@Z) 中被引用
IOClr.obj : error LNK2019: 无法解析的外部符号 "public: bool __thiscall IOLib::Rawdatafile::ReadFile(class std::basic_string<char,struct std::char_traits<char>,class std::allocator<char> >,class std::basic_string<char,struct std::char_traits<char>,class std::allocator<char> >)" (?ReadFile@Rawdatafile@IOLib@@$$FQAE_NV?$basic_string@DU?$char_traits@D@std@@V?$allocator@D@2@@std@@0@Z)，该符号在函数 "public: bool __clrcall IOClr::Rawdatafile::ReadFile(class System::String ^,class System::String ^)" (?ReadFile@Rawdatafile@IOClr@@$$FQ$AAM_NP$AAVString@System@@0@Z) 中被引用
IOClr.obj : error LNK2019: 无法解析的外部符号 "public: bool __thiscall IOLib::Rawdatafile::WriteFile(class std::basic_string<char,struct std::char_traits<char>,class std::allocator<char> >,class std::basic_string<char,struct std::char_traits<char>,class std::allocator<char> >)" (?WriteFile@Rawdatafile@IOLib@@$$FQAE_NV?$basic_string@DU?$char_traits@D@std@@V?$allocator@D@2@@std@@0@Z)，该符号在函数 "public: bool __clrcall IOClr::Rawdatafile::WriteFile(class System::String ^,class System::String ^)" (?WriteFile@Rawdatafile@IOClr@@$$FQ$AAM_NP$AAVString@System@@0@Z) 中被引用
IOClr.obj : error LNK2019: 无法解析的外部符号 "public: bool __thiscall IOLib::Rawdatafile::AddOnFile(class std::basic_string<char,struct std::char_traits<char>,class std::allocator<char> >,class std::basic_string<char,struct std::char_traits<char>,class std::allocator<char> >)" (?AddOnFile@Rawdatafile@IOLib@@$$FQAE_NV?$basic_string@DU?$char_traits@D@std@@V?$allocator@D@2@@std@@0@Z)，该符号在函数 "public: bool __clrcall IOClr::Rawdatafile::AddOnFile(class System::String ^,class System::String ^)" (?AddOnFile@Rawdatafile@IOClr@@$$FQ$AAM_NP$AAVString@System@@0@Z) 中被引用
IOClr.obj : error LNK2019: 无法解析的外部符号 "void __cdecl IOLib::ParamNote(struct IOLib::StateCode const &,struct IOLib::StateNote &)" (?ParamNote@IOLib@@$$FYAXABUStateCode@1@AAUStateNote@1@@Z)，该符号在函数 "public: class IOClr::StateNote ^ __clrcall IOClr::StateCode::ParamNote(void)" (?ParamNote@StateCode@IOClr@@$$FQ$AAMP$AAVStateNote@2@XZ) 中被引用
C:\Users\Cocoa\source\repos\AnalysisLibrary\Analysis&IO\Debug\AnalysisClr.dll : fatal error LNK1120: 88 个无法解析的外部命令
