c:\users\cocoa\source\repos\analysislibrary\analysisclr\debug\analysisclr.pch
c:\users\cocoa\source\repos\analysislibrary\analysisclr\debug\vc141.pdb
c:\users\cocoa\source\repos\analysislibrary\analysisclr\debug\stdafx.obj
c:\users\cocoa\source\repos\analysislibrary\analysisclr\debug\ioclr.obj
c:\users\cocoa\source\repos\analysislibrary\analysisclr\debug\dllmain.obj
c:\users\cocoa\source\repos\analysislibrary\analysisclr\debug\analysisclr.obj
c:\users\cocoa\source\repos\analysislibrary\analysisclr\debug\.netframework,version=v4.0.assemblyattributes.obj
c:\users\cocoa\source\repos\analysislibrary\analysisclr\debug\.netframework,version=v4.0.assemblyattributes.asm
c:\users\cocoa\source\repos\analysislibrary\analysis&io\debug\analysisclr.pdb
c:\users\cocoa\source\repos\analysislibrary\analysisclr\debug\analysisclr.tlog\cl.command.1.tlog
c:\users\cocoa\source\repos\analysislibrary\analysisclr\debug\analysisclr.tlog\cl.read.1.tlog
c:\users\cocoa\source\repos\analysislibrary\analysisclr\debug\analysisclr.tlog\cl.write.1.tlog
c:\users\cocoa\source\repos\analysislibrary\analysisclr\debug\analysisclr.tlog\link.24516.23616-cvtres.read.1.tlog
c:\users\cocoa\source\repos\analysislibrary\analysisclr\debug\analysisclr.tlog\link.24516.23616-cvtres.write.1.tlog
c:\users\cocoa\source\repos\analysislibrary\analysisclr\debug\analysisclr.tlog\link.24516.23616-rc.read.1.tlog
c:\users\cocoa\source\repos\analysislibrary\analysisclr\debug\analysisclr.tlog\link.24516.23616-rc.write.1.tlog
c:\users\cocoa\source\repos\analysislibrary\analysisclr\debug\analysisclr.tlog\link.24516.23616.read.1.tlog
c:\users\cocoa\source\repos\analysislibrary\analysisclr\debug\analysisclr.tlog\link.24516.23616.write.1.tlog
c:\users\cocoa\source\repos\analysislibrary\analysisclr\debug\analysisclr.tlog\link.24516.read.1.tlog
c:\users\cocoa\source\repos\analysislibrary\analysisclr\debug\analysisclr.tlog\link.24516.write.1.tlog
c:\users\cocoa\source\repos\analysislibrary\analysisclr\debug\analysisclr.tlog\link.command.1.tlog
c:\users\cocoa\source\repos\analysislibrary\analysisclr\debug\analysisclr.tlog\link.read.1.tlog
c:\users\cocoa\source\repos\analysislibrary\analysisclr\debug\analysisclr.tlog\link.write.1.tlog
c:\users\cocoa\source\repos\analysislibrary\analysisclr\debug\analysisclr.tlog\metagen.read.1.tlog
c:\users\cocoa\source\repos\analysislibrary\analysisclr\debug\analysisclr.tlog\metagen.write.1.tlog
